<?xml version="1.0" encoding="UTF-8"?>
<!-- Generated by org.testng.reporters.JUnitXMLReporter -->
<testsuite ignored="0" hostname="EC2AMAZ-S11DBRH" failures="0" tests="3" name="Default test" time="6.198" errors="0" timestamp="2023-08-23T04:59:56 GMT">
  <testcase classname="testscripts.PlaceOrderTest" name="searchItemTest" time="0.509"/>
  <testcase classname="testscripts.PlaceOrderTest" name="addItemTest" time="0.249"/>
  <testcase classname="testscripts.PlaceOrderTest" name="checkoutItemTest" time="0.124"/>
</testsuite> <!-- Default test -->
