<?xml version="1.0" encoding="UTF-8"?>
<testng-results ignored="0" total="3" passed="3" failed="0" skipped="0">
  <reporter-output>
  </reporter-output>
  <suite started-at="2023-08-23T04:59:50 GMT" name="Default suite" finished-at="2023-08-23T04:59:56 GMT" duration-ms="6198">
    <groups>
    </groups>
    <test started-at="2023-08-23T04:59:50 GMT" name="Default test" finished-at="2023-08-23T04:59:56 GMT" duration-ms="6198">
      <class name="testscripts.PlaceOrderTest">
        <test-method is-config="true" signature="setup()[pri:0, instance:testscripts.PlaceOrderTest@d9345cd]" started-at="2023-08-23T04:59:50 GMT" name="setup" finished-at="2023-08-23T04:59:55 GMT" duration-ms="5258" status="PASS">
          <reporter-output>
          </reporter-output>
        </test-method> <!-- setup -->
        <test-method signature="searchItemTest()[pri:1, instance:testscripts.PlaceOrderTest@d9345cd]" started-at="2023-08-23T04:59:55 GMT" name="searchItemTest" finished-at="2023-08-23T04:59:56 GMT" duration-ms="509" status="PASS">
          <reporter-output>
          </reporter-output>
        </test-method> <!-- searchItemTest -->
        <test-method signature="addItemTest()[pri:2, instance:testscripts.PlaceOrderTest@d9345cd]" started-at="2023-08-23T04:59:56 GMT" name="addItemTest" finished-at="2023-08-23T04:59:56 GMT" duration-ms="249" status="PASS">
          <reporter-output>
          </reporter-output>
        </test-method> <!-- addItemTest -->
        <test-method signature="checkoutItemTest()[pri:3, instance:testscripts.PlaceOrderTest@d9345cd]" started-at="2023-08-23T04:59:56 GMT" name="checkoutItemTest" finished-at="2023-08-23T04:59:56 GMT" duration-ms="124" status="PASS">
          <reporter-output>
          </reporter-output>
        </test-method> <!-- checkoutItemTest -->
      </class> <!-- testscripts.PlaceOrderTest -->
    </test> <!-- Default test -->
  </suite> <!-- Default suite -->
</testng-results>
