<?xml version="1.0" encoding="UTF-8"?>
<testng-results ignored="0" total="2" passed="2" failed="0" skipped="0">
  <reporter-output>
  </reporter-output>
  <suite started-at="2023-08-23T03:46:27 GMT" name="Default suite" finished-at="2023-08-23T03:46:39 GMT" duration-ms="11164">
    <groups>
    </groups>
    <test started-at="2023-08-23T03:46:27 GMT" name="Default test" finished-at="2023-08-23T03:46:39 GMT" duration-ms="11164">
      <class name="testscripts.PlaceOrderTest">
        <test-method is-config="true" signature="setup()[pri:0, instance:testscripts.PlaceOrderTest@d9345cd]" started-at="2023-08-23T03:46:27 GMT" name="setup" finished-at="2023-08-23T03:46:38 GMT" duration-ms="10329" status="PASS">
          <reporter-output>
          </reporter-output>
        </test-method> <!-- setup -->
        <test-method signature="searchItemTest()[pri:1, instance:testscripts.PlaceOrderTest@d9345cd]" started-at="2023-08-23T03:46:38 GMT" name="searchItemTest" finished-at="2023-08-23T03:46:38 GMT" duration-ms="525" status="PASS">
          <reporter-output>
          </reporter-output>
        </test-method> <!-- searchItemTest -->
        <test-method signature="addItemTest()[pri:2, instance:testscripts.PlaceOrderTest@d9345cd]" started-at="2023-08-23T03:46:38 GMT" name="addItemTest" finished-at="2023-08-23T03:46:39 GMT" duration-ms="254" status="PASS">
          <reporter-output>
          </reporter-output>
        </test-method> <!-- addItemTest -->
      </class> <!-- testscripts.PlaceOrderTest -->
    </test> <!-- Default test -->
  </suite> <!-- Default suite -->
</testng-results>
